<?xml version="1.0" encoding="UTF-8"?>
<testsuite name="com.mundo.appointment.patients.application.CreatePatientUseCaseTests" tests="1" skipped="0" failures="0" errors="0" timestamp="2026-05-23T19:16:22.372Z" hostname="Emmanuels-MacBook-Air.local" time="0.029">
  <properties/>
  <testcase name="createsPatient()" classname="com.mundo.appointment.patients.application.CreatePatientUseCaseTests" time="0.029"/>
  <system-out><![CDATA[]]></system-out>
  <system-err><![CDATA[]]></system-err>
</testsuite>
